#
# A fatal error has been detected by the Java Runtime Environment:
#
#  SIGSEGV (0xb) at pc=0x0000000124395e43, pid=46928, tid=54279
#
# JRE version: Java(TM) SE Runtime Environment (8.0_91-b14) (build 1.8.0_91-b14)
# Java VM: Java HotSpot(TM) 64-Bit Server VM (25.91-b14 mixed mode bsd-amd64 compressed oops)
# Problematic frame:
# C  [libawt_lwawt.dylib+0x1ae43]  OGLSD_SetScratchSurface+0x49
#
# Failed to write core dump. Core dumps have been disabled. To enable core dumping, try "ulimit -c unlimited" before starting Java again
#
# If you would like to submit a bug report, please visit:
#   http://bugreport.java.com/bugreport/crash.jsp
# The crash happened outside the Java Virtual Machine in native code.
# See problematic frame for where to report the bug.
#

---------------  T H R E A D  ---------------

Current thread (0x00007fda7195d000):  JavaThread "Java2D Queue Flusher" daemon [_thread_in_native, id=54279, stack(0x0000700001e00000,0x0000700001f00000)]

siginfo: si_signo: 11 (SIGSEGV), si_code: 1 (SEGV_MAPERR), si_addr: 0x0000000000000002

Registers:
RAX=0x00000000ffffffff, RBX=0x0000000000000002, RCX=0x0000000000000047, RDX=0x00000001243b68ec
RSP=0x0000700001eff810, RBP=0x0000700001eff830, RSI=0x00007fda714405c0, RDI=0x00007fda7195d1f8
R8 =0x0000000000000020, R9 =0x0000000000000000, R10=0x0000000107a02f38, R11=0x00000000d80060a4
R12=0x0000000000000000, R13=0x00000006c0044c20, R14=0x00007fda7195d1f8, R15=0x00007fda7195d000
RIP=0x0000000124395e43, EFLAGS=0x0000000000010202, ERR=0x0000000000000004
  TRAPNO=0x000000000000000e

Top of Stack: (sp=0x0000700001eff810)
0x0000700001eff810:   00007fda714405c0 0000000000000000
0x0000700001eff820:   00007fda77000010 00007fda7195d000
0x0000700001eff830:   0000700001eff8b0 00000001243b63ca
0x0000700001eff840:   0000000000000064 00007fda7144c728
0x0000700001eff850:   0000700001eff8b0 000000010614dc60
0x0000700001eff860:   0000000000000005 00007fda7195d000
0x0000700001eff870:   00000006c0044c01 00007fda77000020
0x0000700001eff880:   0000700000eff800 00007fda7195d1f8
0x0000700001eff890:   0000000000000000 0000000000000000
0x0000700001eff8a0:   0000700001eff908 00007fda7195d000
0x0000700001eff8b0:   0000700001eff900 0000000107a02faa
0x0000700001eff8c0:   00000006c0030508 00000006c002e4e0
0x0000700001eff8d0:   0000000128ea6668 0000000000000000
0x0000700001eff8e0:   0000000128ea65f8 0000000000000000
0x0000700001eff8f0:   0000700001eff910 00000006c0044c20
0x0000700001eff900:   00000000d80060a1 0000000107c3292c
0x0000700001eff910:   00000006c0030508 0000000000000000
0x0000700001eff920:   00000006c0044c20 0000000000000000
0x0000700001eff930:   00000006c0044c20 0000700001eff9d0
0x0000700001eff940:   0000000000000001 0000000000000000
0x0000700001eff950:   0000700001eff9d0 0000000106d947a7
0x0000700001eff960:   00000006c0044c20 00000006c0044c38
0x0000700001eff970:   0000700000001fa0 000000000000000a
0x0000700001eff980:   00007fda7195d000 0000000000000001
0x0000700001eff990:   0000000106d9471f 000000011fe1dc88
0x0000700001eff9a0:   0000700001effa68 0000700001effd00
0x0000700001eff9b0:   000000010000000a 000000011fe1dc88
0x0000700001eff9c0:   0000000106da7120 0000700001effc70
0x0000700001eff9d0:   0000700001effb80 00000001060ec1e6
0x0000700001eff9e0:   0000700000000001 00007fda7195d000
0x0000700001eff9f0:   00007fda7195d000 0000700001effd00
0x0000700001effa00:   00007fda7144c720 0000000106da7120 

Instructions: (pc=0x0000000124395e43)
0x0000000124395e23:   c0 e9 82 00 00 00 48 8b 5e 10 48 85 db 75 0e bf
0x0000000124395e33:   01 00 00 00 48 8d 15 fd 75 03 00 eb d6 49 89 fe
0x0000000124395e43:   4c 8b 3b 30 c0 e8 c5 a2 02 00 49 8b 3f 49 89 c4
0x0000000124395e53:   48 8b 35 ae f7 05 00 30 c0 e8 cb a3 02 00 48 85 

Register to memory mapping:

RAX=0x00000000ffffffff is an unknown value
RBX=0x0000000000000002 is an unknown value
RCX=0x0000000000000047 is an unknown value
RDX=0x00000001243b68ec: Java_sun_java2d_opengl_OGLRenderQueue_flushBuffer+0xb5c in /Library/Java/JavaVirtualMachines/jdk1.8.0_91.jdk/Contents/Home/jre/lib/libawt_lwawt.dylib at 0x000000012437b000
RSP=0x0000700001eff810 is pointing into the stack for thread: 0x00007fda7195d000
RBP=0x0000700001eff830 is pointing into the stack for thread: 0x00007fda7195d000
RSI=0x00007fda714405c0 is an unknown value
RDI=0x00007fda7195d1f8 is an unknown value
R8 =0x0000000000000020 is an unknown value
R9 =0x0000000000000000 is an unknown value
R10=0x0000000107a02f38 is at entry_point+56 in (nmethod*)0x0000000107a02d90
R11=0x00000000d80060a4 is an unknown value
R12=0x0000000000000000 is an unknown value
R13=0x00000006c0044c20 is an oop
sun.java2d.opengl.OGLRenderQueue$QueueFlusher 
 - klass: 'sun/java2d/opengl/OGLRenderQueue$QueueFlusher'
R14=0x00007fda7195d1f8 is an unknown value
R15=0x00007fda7195d000 is a thread


Stack: [0x0000700001e00000,0x0000700001f00000],  sp=0x0000700001eff810,  free space=1022k
Native frames: (J=compiled Java code, j=interpreted, Vv=VM code, C=native code)
C  [libawt_lwawt.dylib+0x1ae43]  OGLSD_SetScratchSurface+0x49
C  [libawt_lwawt.dylib+0x3b3ca]  Java_sun_java2d_opengl_OGLRenderQueue_flushBuffer+0x63a
J 4793  sun.java2d.opengl.OGLRenderQueue.flushBuffer(JI)V (0 bytes) @ 0x0000000107a02faa [0x0000000107a02f00+0xaa]
J 9606% C2 sun.java2d.opengl.OGLRenderQueue$QueueFlusher.run()V (234 bytes) @ 0x0000000107c3292c [0x0000000107c32680+0x2ac]
v  ~StubRoutines::call_stub
V  [libjvm.dylib+0x2ec1e6]  JavaCalls::call_helper(JavaValue*, methodHandle*, JavaCallArguments*, Thread*)+0x6ae
V  [libjvm.dylib+0x2ec974]  JavaCalls::call_virtual(JavaValue*, KlassHandle, Symbol*, Symbol*, JavaCallArguments*, Thread*)+0x164
V  [libjvm.dylib+0x2ecb20]  JavaCalls::call_virtual(JavaValue*, Handle, KlassHandle, Symbol*, Symbol*, Thread*)+0x4a
V  [libjvm.dylib+0x34726d]  thread_entry(JavaThread*, Thread*)+0x7c
V  [libjvm.dylib+0x563d17]  JavaThread::thread_main_inner()+0x9b
V  [libjvm.dylib+0x565412]  JavaThread::run()+0x1c2
V  [libjvm.dylib+0x484f82]  java_start(Thread*)+0xf6
C  [libsystem_pthread.dylib+0x399d]  _pthread_body+0x83
C  [libsystem_pthread.dylib+0x391a]  _pthread_body+0x0
C  [libsystem_pthread.dylib+0x1351]  thread_start+0xd
C  0x0000000000000000

Java frames: (J=compiled Java code, j=interpreted, Vv=VM code)
J 4793  sun.java2d.opengl.OGLRenderQueue.flushBuffer(JI)V (0 bytes) @ 0x0000000107a02f38 [0x0000000107a02f00+0x38]
J 9606% C2 sun.java2d.opengl.OGLRenderQueue$QueueFlusher.run()V (234 bytes) @ 0x0000000107c3292c [0x0000000107c32680+0x2ac]
v  ~StubRoutines::call_stub

---------------  P R O C E S S  ---------------

Java Threads: ( => current thread )
  0x00007fda6201b800 JavaThread "cached7" [_thread_blocked, id=94015, stack(0x00007000054a5000,0x00007000055a5000)]
  0x00007fda7e1b0800 JavaThread "cached29" [_thread_blocked, id=90539, stack(0x0000700004f96000,0x0000700005096000)]
  0x00007fda7e1af800 JavaThread "cached34" [_thread_blocked, id=95699, stack(0x0000700004d90000,0x0000700004e90000)]
  0x00007fda72950000 JavaThread "cached4" [_thread_in_native, id=100555, stack(0x000070000467b000,0x000070000477b000)]
  0x00007fda7e4c6800 JavaThread "cached11" [_thread_in_native, id=87547, stack(0x0000700000f44000,0x0000700001044000)]
  0x00007fda7211c000 JavaThread "cached17" [_thread_in_native, id=91899, stack(0x0000700004e93000,0x0000700004f93000)]
  0x00007fda72b7a800 JavaThread "cached20" [_thread_in_native, id=107207, stack(0x0000700004881000,0x0000700004981000)]
  0x00007fda7298a000 JavaThread "cached24" [_thread_in_native, id=91035, stack(0x000070000477e000,0x000070000487e000)]
  0x00007fda7e1b4000 JavaThread "cached31" [_thread_in_native, id=43715, stack(0x0000700001862000,0x0000700001962000)]
  0x00007fda621a8000 JavaThread "cached22" [_thread_in_native, id=101603, stack(0x0000700005099000,0x0000700005199000)]
  0x00007fda72c70000 JavaThread "cached1" [_thread_in_native, id=104683, stack(0x0000700001a68000,0x0000700001b68000)]
  0x00007fda62063800 JavaThread "cached9" [_thread_in_native, id=42243, stack(0x000070000529f000,0x000070000539f000)]
  0x00007fda7d4bb800 JavaThread "cached8" [_thread_in_native, id=93771, stack(0x0000700004b8a000,0x0000700004c8a000)]
  0x00007fda7e264800 JavaThread "cached12" [_thread_in_native, id=104079, stack(0x0000700004984000,0x0000700004a84000)]
  0x00007fda7d4bd000 JavaThread "cached10" [_thread_in_native, id=86463, stack(0x0000700004a87000,0x0000700004b87000)]
  0x00007fda7e4bf000 JavaThread "cached3" [_thread_in_native, id=86091, stack(0x000070000519c000,0x000070000529c000)]
  0x00007fda7d0a1000 JavaThread "cached32" [_thread_in_native, id=90683, stack(0x0000700001965000,0x0000700001a65000)]
  0x00007fda72863800 JavaThread "cached16" [_thread_in_native, id=38639, stack(0x0000700001b6b000,0x0000700001c6b000)]
  0x00007fda72d1b800 JavaThread "cached13" [_thread_in_native, id=98335, stack(0x00007000053a2000,0x00007000054a2000)]
  0x00007fda7e4b5800 JavaThread "cached14" [_thread_blocked, id=35067, stack(0x0000700004c8d000,0x0000700004d8d000)]
  0x00007fda76023000 JavaThread "DestroyJavaVM" [_thread_blocked, id=5891, stack(0x000070000011a000,0x000070000021a000)]
  0x00007fda718f8000 JavaThread "hz._hzInstance_1_erne.HealthMonitor" daemon [_thread_blocked, id=96119, stack(0x0000700005931000,0x0000700005a31000)]
  0x00007fda72c77800 JavaThread "TimerQueue" daemon [_thread_blocked, id=94519, stack(0x0000700005628000,0x0000700005728000)]
  0x00007fda7493f000 JavaThread "hz._hzInstance_1_erne.IO.thread-Acceptor" [_thread_in_native, id=85507, stack(0x00007000044f5000,0x00007000045f5000)]
  0x00007fda72c6d800 JavaThread "hz._hzInstance_1_erne.IOBalancerThread" [_thread_blocked, id=84995, stack(0x00007000043f2000,0x00007000044f2000)]
  0x00007fda72c63000 JavaThread "hz._hzInstance_1_erne.IO.thread-out-2" [_thread_in_native, id=84483, stack(0x00007000042ef000,0x00007000043ef000)]
  0x00007fda723aa000 JavaThread "hz._hzInstance_1_erne.IO.thread-in-2" [_thread_in_native, id=83971, stack(0x00007000041ec000,0x00007000042ec000)]
  0x00007fda72c62800 JavaThread "hz._hzInstance_1_erne.IO.thread-out-1" [_thread_in_native, id=83459, stack(0x00007000040e9000,0x00007000041e9000)]
  0x00007fda72c5b000 JavaThread "hz._hzInstance_1_erne.IO.thread-in-1" [_thread_in_native, id=82947, stack(0x0000700003fe6000,0x00007000040e6000)]
  0x00007fda72ba0000 JavaThread "hz._hzInstance_1_erne.IO.thread-out-0" [_thread_in_native, id=82435, stack(0x0000700003ee3000,0x0000700003fe3000)]
  0x00007fda72ba3000 JavaThread "hz._hzInstance_1_erne.IO.thread-in-0" [_thread_in_native, id=81923, stack(0x0000700003de0000,0x0000700003ee0000)]
  0x00007fda72b8d000 JavaThread "hz._hzInstance_1_erne.migration" [_thread_blocked, id=81411, stack(0x0000700003cdd000,0x0000700003ddd000)]
  0x00007fda71ab2000 JavaThread "hz._hzInstance_1_erne.wait-notify" [_thread_blocked, id=80899, stack(0x0000700003bda000,0x0000700003cda000)]
  0x00007fda71aaf800 JavaThread "hz._hzInstance_1_erne.event-5" [_thread_blocked, id=80387, stack(0x0000700003ad7000,0x0000700003bd7000)]
  0x00007fda71ab3000 JavaThread "hz._hzInstance_1_erne.event-4" [_thread_blocked, id=79875, stack(0x00007000039d4000,0x0000700003ad4000)]
  0x00007fda7222a000 JavaThread "hz._hzInstance_1_erne.event-3" [_thread_blocked, id=79363, stack(0x00007000038d1000,0x00007000039d1000)]
  0x00007fda72229800 JavaThread "hz._hzInstance_1_erne.event-2" [_thread_blocked, id=78851, stack(0x00007000037ce000,0x00007000038ce000)]
  0x00007fda72228800 JavaThread "hz._hzInstance_1_erne.event-1" [_thread_blocked, id=78339, stack(0x00007000036cb000,0x00007000037cb000)]
  0x00007fda7415c000 JavaThread "hz._hzInstance_1_erne.SlowOperationDetectorThread" [_thread_blocked, id=77827, stack(0x00007000035c8000,0x00007000036c8000)]
  0x00007fda719ec800 JavaThread "hz._hzInstance_1_erne.response" [_thread_blocked, id=77315, stack(0x00007000034c5000,0x00007000035c5000)]
  0x00007fda71aaf000 JavaThread "hz._hzInstance_1_erne.generic-operation.thread-5" [_thread_blocked, id=76803, stack(0x00007000033c2000,0x00007000034c2000)]
  0x00007fda71aae000 JavaThread "hz._hzInstance_1_erne.generic-operation.thread-4" [_thread_blocked, id=76291, stack(0x00007000032bf000,0x00007000033bf000)]
  0x00007fda71aad800 JavaThread "hz._hzInstance_1_erne.generic-operation.thread-3" [_thread_blocked, id=75779, stack(0x00007000031bc000,0x00007000032bc000)]
  0x00007fda739cc800 JavaThread "hz._hzInstance_1_erne.generic-operation.thread-2" [_thread_blocked, id=75267, stack(0x00007000030b9000,0x00007000031b9000)]
  0x00007fda739c2800 JavaThread "hz._hzInstance_1_erne.generic-operation.thread-1" [_thread_blocked, id=74755, stack(0x0000700002fb6000,0x00007000030b6000)]
  0x00007fda739c2000 JavaThread "hz._hzInstance_1_erne.generic-operation.thread-0" [_thread_blocked, id=74243, stack(0x0000700002eb3000,0x0000700002fb3000)]
  0x00007fda739c1000 JavaThread "hz._hzInstance_1_erne.partition-operation.thread-11" [_thread_blocked, id=73731, stack(0x0000700002db0000,0x0000700002eb0000)]
  0x00007fda739c0800 JavaThread "hz._hzInstance_1_erne.partition-operation.thread-10" [_thread_blocked, id=73219, stack(0x0000700002cad000,0x0000700002dad000)]
  0x00007fda739bf800 JavaThread "hz._hzInstance_1_erne.partition-operation.thread-9" [_thread_blocked, id=72707, stack(0x0000700002baa000,0x0000700002caa000)]
  0x00007fda739bf000 JavaThread "hz._hzInstance_1_erne.partition-operation.thread-8" [_thread_blocked, id=72195, stack(0x0000700002aa7000,0x0000700002ba7000)]
  0x00007fda72b48800 JavaThread "hz._hzInstance_1_erne.partition-operation.thread-7" [_thread_blocked, id=71683, stack(0x00007000029a4000,0x0000700002aa4000)]
  0x00007fda72b50800 JavaThread "hz._hzInstance_1_erne.partition-operation.thread-6" [_thread_blocked, id=71171, stack(0x00007000028a1000,0x00007000029a1000)]
  0x00007fda71aac800 JavaThread "hz._hzInstance_1_erne.partition-operation.thread-5" [_thread_blocked, id=70659, stack(0x000070000279e000,0x000070000289e000)]
  0x00007fda71aac000 JavaThread "hz._hzInstance_1_erne.partition-operation.thread-4" [_thread_blocked, id=70147, stack(0x000070000269b000,0x000070000279b000)]
  0x00007fda719ee800 JavaThread "hz._hzInstance_1_erne.partition-operation.thread-3" [_thread_blocked, id=69635, stack(0x0000700002598000,0x0000700002698000)]
  0x00007fda74146000 JavaThread "hz._hzInstance_1_erne.partition-operation.thread-2" [_thread_blocked, id=69123, stack(0x0000700002495000,0x0000700002595000)]
  0x00007fda74ab9000 JavaThread "hz._hzInstance_1_erne.partition-operation.thread-1" [_thread_blocked, id=68611, stack(0x0000700002392000,0x0000700002492000)]
  0x00007fda74ab8000 JavaThread "hz._hzInstance_1_erne.partition-operation.thread-0" [_thread_blocked, id=68099, stack(0x000070000228f000,0x000070000238f000)]
  0x00007fda74ab6800 JavaThread "hz._hzInstance_1_erne.InspectInvocationsThread" [_thread_blocked, id=67587, stack(0x000070000218c000,0x000070000228c000)]
  0x00007fda74ab7800 JavaThread "scheduled" [_thread_blocked, id=67119, stack(0x0000700002089000,0x0000700002189000)]
  0x00007fda73972800 JavaThread "Java2D Disposer" daemon [_thread_blocked, id=59399, stack(0x0000700001f03000,0x0000700002003000)]
=>0x00007fda7195d000 JavaThread "Java2D Queue Flusher" daemon [_thread_in_native, id=54279, stack(0x0000700001e00000,0x0000700001f00000)]
  0x00007fda7405e000 JavaThread "AWT-EventQueue-0" [_thread_blocked, id=48187, stack(0x0000700001cfd000,0x0000700001dfd000)]
  0x00007fda71920000 JavaThread "AWT-Shutdown" [_thread_blocked, id=32019, stack(0x000070000175f000,0x000070000185f000)]
  0x00007fda7493c000 JavaThread "AppKit Thread" daemon [_thread_in_native, id=2571, stack(0x00007fff5b1d1000,0x00007fff5b9d1000)]
  0x00007fda74012800 JavaThread "Service Thread" daemon [_thread_blocked, id=22275, stack(0x0000700001559000,0x0000700001659000)]
  0x00007fda74011800 JavaThread "C1 CompilerThread3" daemon [_thread_blocked, id=21763, stack(0x0000700001456000,0x0000700001556000)]
  0x00007fda73862000 JavaThread "C2 CompilerThread2" daemon [_thread_blocked, id=21251, stack(0x0000700001353000,0x0000700001453000)]
  0x00007fda74009000 JavaThread "C2 CompilerThread1" daemon [_thread_blocked, id=20739, stack(0x0000700001250000,0x0000700001350000)]
  0x00007fda74007000 JavaThread "C2 CompilerThread0" daemon [_thread_blocked, id=20227, stack(0x000070000114d000,0x000070000124d000)]
  0x00007fda74812800 JavaThread "Signal Dispatcher" daemon [_thread_blocked, id=16911, stack(0x000070000104a000,0x000070000114a000)]
  0x00007fda72812800 JavaThread "Finalizer" daemon [_thread_blocked, id=15363, stack(0x0000700000e41000,0x0000700000f41000)]
  0x00007fda7280f800 JavaThread "Reference Handler" daemon [_thread_blocked, id=14851, stack(0x0000700000d3e000,0x0000700000e3e000)]

Other Threads:
  0x00007fda7385a800 VMThread [stack: 0x0000700000c3b000,0x0000700000d3b000] [id=14339]
  0x00007fda74013000 WatcherThread [stack: 0x000070000165c000,0x000070000175c000] [id=22787]

VM state:not at safepoint (normal execution)

VM Mutex/Monitor currently owned by a thread: None

Heap:
 PSYoungGen      total 1332224K, used 1235558K [0x000000076ab00000, 0x00000007c0000000, 0x00000007c0000000)
  eden space 1296384K, 95% used [0x000000076ab00000,0x00000007b6199898,0x00000007b9d00000)
  from space 35840K, 0% used [0x00000007b9d00000,0x00000007b9d00000,0x00000007bc000000)
  to   space 52224K, 0% used [0x00000007bcd00000,0x00000007bcd00000,0x00000007c0000000)
 ParOldGen       total 2796544K, used 2796290K [0x00000006c0000000, 0x000000076ab00000, 0x000000076ab00000)
  object space 2796544K, 99% used [0x00000006c0000000,0x000000076aac0b98,0x000000076ab00000)
 Metaspace       used 39607K, capacity 39888K, committed 40576K, reserved 1085440K
  class space    used 5013K, capacity 5107K, committed 5248K, reserved 1048576K

Card table byte_map: [0x0000000116154000,0x0000000116955000] byte_map_base: 0x0000000112b54000

Marking Bits: (ParMarkBitMap*) 0x00000001066e6eb0
 Begin Bits: [0x0000000116eab000, 0x000000011aeab000)
 End Bits:   [0x000000011aeab000, 0x000000011eeab000)

Polling page: 0x00000001044f2000

CodeCache: size=245760Kb used=24815Kb max_used=24893Kb free=220944Kb
 bounds [0x0000000106d94000, 0x0000000108654000, 0x0000000115d94000]
 total_blobs=8099 nmethods=7406 adapters=603
 compilation: enabled

Compilation events (10 events):
Event: 253319.589 Thread 0x00007fda74007000 9888       4       javax.swing.JComponent::getBounds (50 bytes)
Event: 253319.591 Thread 0x00007fda74007000 nmethod 9888 0x00000001073963d0 code [0x0000000107396520, 0x00000001073965b8]
Event: 253319.682 Thread 0x00007fda74009000 9889       4       sun.java2d.pipe.ValidatePipe::drawString (23 bytes)
Event: 253319.684 Thread 0x00007fda74009000 nmethod 9889 0x0000000107acabd0 code [0x0000000107acad40, 0x0000000107acaec8]
Event: 253320.097 Thread 0x00007fda74011800 9890       1       javax.swing.JProgressBar::isIndeterminate (5 bytes)
Event: 253320.098 Thread 0x00007fda74011800 nmethod 9890 0x0000000107abf610 code [0x0000000107abf760, 0x0000000107abf870]
Event: 253331.473 Thread 0x00007fda74011800 9891       3       sun.font.GlyphList::getGrayBits (123 bytes)
Event: 253331.474 Thread 0x00007fda74011800 nmethod 9891 0x00000001073d8ad0 code [0x00000001073d8c80, 0x00000001073d9308]
Event: 253331.528 Thread 0x00007fda74011800 9892       3       sun.java2d.loops.GraphicsPrimitiveMgr::locateGeneral (42 bytes)
Event: 253331.528 Thread 0x00007fda74011800 nmethod 9892 0x00000001075ae5d0 code [0x00000001075ae760, 0x00000001075aeaf0]

GC Heap History (10 events):
Event: 252717.342 GC heap before
{Heap before GC invocations=12929 (full 8989):
 PSYoungGen      total 1332224K, used 1282371K [0x000000076ab00000, 0x00000007c0000000, 0x00000007c0000000)
  eden space 1296384K, 98% used [0x000000076ab00000,0x00000007b8f50df0,0x00000007b9d00000)
  from space 35840K, 0% used [0x00000007b9d00000,0x00000007b9d00000,0x00000007bc000000)
  to   space 52224K, 0% used [0x00000007bcd00000,0x00000007bcd00000,0x00000007c0000000)
 ParOldGen       total 2796544K, used 2796290K [0x00000006c0000000, 0x000000076ab00000, 0x000000076ab00000)
  object space 2796544K, 99% used [0x00000006c0000000,0x000000076aac0b98,0x000000076ab00000)
 Metaspace       used 39604K, capacity 39888K, committed 40576K, reserved 1085440K
  class space    used 5013K, capacity 5107K, committed 5248K, reserved 1048576K
Event: 252717.695 GC heap after
Heap after GC invocations=12929 (full 8989):
 PSYoungGen      total 1332224K, used 1219356K [0x000000076ab00000, 0x00000007c0000000, 0x00000007c0000000)
  eden space 1296384K, 94% used [0x000000076ab00000,0x00000007b51c7010,0x00000007b9d00000)
  from space 35840K, 0% used [0x00000007b9d00000,0x00000007b9d00000,0x00000007bc000000)
  to   space 52224K, 0% used [0x00000007bcd00000,0x00000007bcd00000,0x00000007c0000000)
 ParOldGen       total 2796544K, used 2796290K [0x00000006c0000000, 0x000000076ab00000, 0x000000076ab00000)
  object space 2796544K, 99% used [0x00000006c0000000,0x000000076aac0b98,0x000000076ab00000)
 Metaspace       used 39604K, capacity 39888K, committed 40576K, reserved 1085440K
  class space    used 5013K, capacity 5107K, committed 5248K, reserved 1048576K
}
Event: 252717.834 GC heap before
{Heap before GC invocations=12930 (full 8990):
 PSYoungGen      total 1332224K, used 1281720K [0x000000076ab00000, 0x00000007c0000000, 0x00000007c0000000)
  eden space 1296384K, 98% used [0x000000076ab00000,0x00000007b8eae290,0x00000007b9d00000)
  from space 35840K, 0% used [0x00000007b9d00000,0x00000007b9d00000,0x00000007bc000000)
  to   space 52224K, 0% used [0x00000007bcd00000,0x00000007bcd00000,0x00000007c0000000)
 ParOldGen       total 2796544K, used 2796290K [0x00000006c0000000, 0x000000076ab00000, 0x000000076ab00000)
  object space 2796544K, 99% used [0x00000006c0000000,0x000000076aac0b98,0x000000076ab00000)
 Metaspace       used 39605K, capacity 39888K, committed 40576K, reserved 1085440K
  class space    used 5013K, capacity 5107K, committed 5248K, reserved 1048576K
Event: 252718.154 GC heap after
Heap after GC invocations=12930 (full 8990):
 PSYoungGen      total 1332224K, used 1214115K [0x000000076ab00000, 0x00000007c0000000, 0x00000007c0000000)
  eden space 1296384K, 93% used [0x000000076ab00000,0x00000007b4ca8e28,0x00000007b9d00000)
  from space 35840K, 0% used [0x00000007b9d00000,0x00000007b9d00000,0x00000007bc000000)
  to   space 52224K, 0% used [0x00000007bcd00000,0x00000007bcd00000,0x00000007c0000000)
 ParOldGen       total 2796544K, used 2796290K [0x00000006c0000000, 0x000000076ab00000, 0x000000076ab00000)
  object space 2796544K, 99% used [0x00000006c0000000,0x000000076aac0b98,0x000000076ab00000)
 Metaspace       used 39605K, capacity 39888K, committed 40576K, reserved 1085440K
  class space    used 5013K, capacity 5107K, committed 5248K, reserved 1048576K
}
Event: 253319.070 GC heap before
{Heap before GC invocations=12931 (full 8991):
 PSYoungGen      total 1332224K, used 1285114K [0x000000076ab00000, 0x00000007c0000000, 0x00000007c0000000)
  eden space 1296384K, 99% used [0x000000076ab00000,0x00000007b91feaa8,0x00000007b9d00000)
  from space 35840K, 0% used [0x00000007b9d00000,0x00000007b9d00000,0x00000007bc000000)
  to   space 52224K, 0% used [0x00000007bcd00000,0x00000007bcd00000,0x00000007c0000000)
 ParOldGen       total 2796544K, used 2796290K [0x00000006c0000000, 0x000000076ab00000, 0x000000076ab00000)
  object space 2796544K, 99% used [0x00000006c0000000,0x000000076aac0b98,0x000000076ab00000)
 Metaspace       used 39621K, capacity 39912K, committed 40576K, reserved 1085440K
  class space    used 5016K, capacity 5111K, committed 5248K, reserved 1048576K
Event: 253319.526 GC heap after
Heap after GC invocations=12931 (full 8991):
 PSYoungGen      total 1332224K, used 1219355K [0x000000076ab00000, 0x00000007c0000000, 0x00000007c0000000)
  eden space 1296384K, 94% used [0x000000076ab00000,0x00000007b51c6ec0,0x00000007b9d00000)
  from space 35840K, 0% used [0x00000007b9d00000,0x00000007b9d00000,0x00000007bc000000)
  to   space 52224K, 0% used [0x00000007bcd00000,0x00000007bcd00000,0x00000007c0000000)
 ParOldGen       total 2796544K, used 2796290K [0x00000006c0000000, 0x000000076ab00000, 0x000000076ab00000)
  object space 2796544K, 99% used [0x00000006c0000000,0x000000076aac0b98,0x000000076ab00000)
 Metaspace       used 39606K, capacity 39888K, committed 40576K, reserved 1085440K
  class space    used 5013K, capacity 5107K, committed 5248K, reserved 1048576K
}
Event: 253319.704 GC heap before
{Heap before GC invocations=12932 (full 8992):
 PSYoungGen      total 1332224K, used 1281502K [0x000000076ab00000, 0x00000007c0000000, 0x00000007c0000000)
  eden space 1296384K, 98% used [0x000000076ab00000,0x00000007b8e77930,0x00000007b9d00000)
  from space 35840K, 0% used [0x00000007b9d00000,0x00000007b9d00000,0x00000007bc000000)
  to   space 52224K, 0% used [0x00000007bcd00000,0x00000007bcd00000,0x00000007c0000000)
 ParOldGen       total 2796544K, used 2796290K [0x00000006c0000000, 0x000000076ab00000, 0x000000076ab00000)
  object space 2796544K, 99% used [0x00000006c0000000,0x000000076aac0b98,0x000000076ab00000)
 Metaspace       used 39607K, capacity 39888K, committed 40576K, reserved 1085440K
  class space    used 5013K, capacity 5107K, committed 5248K, reserved 1048576K
Event: 253320.040 GC heap after
Heap after GC invocations=12932 (full 8992):
 PSYoungGen      total 1332224K, used 1214117K [0x000000076ab00000, 0x00000007c0000000, 0x00000007c0000000)
  eden space 1296384K, 93% used [0x000000076ab00000,0x00000007b4ca9670,0x00000007b9d00000)
  from space 35840K, 0% used [0x00000007b9d00000,0x00000007b9d00000,0x00000007bc000000)
  to   space 52224K, 0% used [0x00000007bcd00000,0x00000007bcd00000,0x00000007c0000000)
 ParOldGen       total 2796544K, used 2796290K [0x00000006c0000000, 0x000000076ab00000, 0x000000076ab00000)
  object space 2796544K, 99% used [0x00000006c0000000,0x000000076aac0b98,0x000000076ab00000)
 Metaspace       used 39607K, capacity 39888K, committed 40576K, reserved 1085440K
  class space    used 5013K, capacity 5107K, committed 5248K, reserved 1048576K
}
Event: 253331.601 GC heap before
{Heap before GC invocations=12933 (full 8993):
 PSYoungGen      total 1332224K, used 1281492K [0x000000076ab00000, 0x00000007c0000000, 0x00000007c0000000)
  eden space 1296384K, 98% used [0x000000076ab00000,0x00000007b8e75230,0x00000007b9d00000)
  from space 35840K, 0% used [0x00000007b9d00000,0x00000007b9d00000,0x00000007bc000000)
  to   space 52224K, 0% used [0x00000007bcd00000,0x00000007bcd00000,0x00000007c0000000)
 ParOldGen       total 2796544K, used 2796290K [0x00000006c0000000, 0x000000076ab00000, 0x000000076ab00000)
  object space 2796544K, 99% used [0x00000006c0000000,0x000000076aac0b98,0x000000076ab00000)
 Metaspace       used 39607K, capacity 39888K, committed 40576K, reserved 1085440K
  class space    used 5013K, capacity 5107K, committed 5248K, reserved 1048576K
Event: 253332.265 GC heap after
Heap after GC invocations=12933 (full 8993):
 PSYoungGen      total 1332224K, used 1214117K [0x000000076ab00000, 0x00000007c0000000, 0x00000007c0000000)
  eden space 1296384K, 93% used [0x000000076ab00000,0x00000007b4ca9588,0x00000007b9d00000)
  from space 35840K, 0% used [0x00000007b9d00000,0x00000007b9d00000,0x00000007bc000000)
  to   space 52224K, 0% used [0x00000007bcd00000,0x00000007bcd00000,0x00000007c0000000)
 ParOldGen       total 2796544K, used 2796290K [0x00000006c0000000, 0x000000076ab00000, 0x000000076ab00000)
  object space 2796544K, 99% used [0x00000006c0000000,0x000000076aac0b98,0x000000076ab00000)
 Metaspace       used 39607K, capacity 39888K, committed 40576K, reserved 1085440K
  class space    used 5013K, capacity 5107K, committed 5248K, reserved 1048576K
}

Deoptimization events (10 events):
Event: 86406.653 Thread 0x00007fda72b7a800 Uncommon trap: reason=class_check action=maybe_recompile pc=0x000000010794f0f8 method=java.io.BufferedOutputStream.flush()V @ 8
Event: 86406.653 Thread 0x00007fda72b7a800 Uncommon trap: reason=unstable_if action=reinterpret pc=0x0000000107ac472c method=java.io.FileDescriptor.attach(Ljava/io/Closeable;)V @ 4
Event: 86406.828 Thread 0x00007fda72b7a800 Uncommon trap: reason=class_check action=maybe_recompile pc=0x000000010794f0f8 method=java.io.BufferedOutputStream.flush()V @ 8
Event: 128166.393 Thread 0x00007fda74ab7800 Uncommon trap: reason=unstable_if action=reinterpret pc=0x0000000108317590 method=java.util.concurrent.locks.AbstractQueuedSynchronizer.tryAcquireNanos(IJ)Z @ 19
Event: 128166.393 Thread 0x00007fda71865000 Uncommon trap: reason=unstable_if action=reinterpret pc=0x0000000107e6dd48 method=java.util.concurrent.LinkedBlockingQueue.peek()Ljava/lang/Object; @ 7
Event: 133765.852 Thread 0x00007fda7405e000 Uncommon trap: reason=unstable_if action=reinterpret pc=0x00000001072d8a84 method=java.util.HashMap$HashIterator.<init>(Ljava/util/HashMap;)V @ 45
Event: 172806.459 Thread 0x00007fda7211c000 Uncommon trap: reason=bimorphic action=maybe_recompile pc=0x000000010720f4a4 method=java.net.URL.<init>(Ljava/net/URL;Ljava/lang/String;Ljava/net/URLStreamHandler;)V @ 504
Event: 172806.459 Thread 0x00007fda7211c000 Uncommon trap: reason=class_check action=maybe_recompile pc=0x000000010707bdec method=java.util.HashMap.removeNode(ILjava/lang/Object;Ljava/lang/Object;ZZ)Ljava/util/HashMap$Node; @ 68
Event: 172806.651 Thread 0x00007fda7211c000 Uncommon trap: reason=class_check action=maybe_recompile pc=0x000000010794f1b8 method=java.io.BufferedOutputStream.flushBuffer()V @ 20
Event: 172806.651 Thread 0x00007fda7211c000 Uncommon trap: reason=class_check action=maybe_recompile pc=0x000000010794f0f8 method=java.io.BufferedOutputStream.flush()V @ 8

Internal exceptions (10 events):
Event: 253268.243 Thread 0x00007fda72863800 Exception <a 'java/net/ConnectException'> (0x00000007b6697c48) thrown at [/Users/java_re/workspace/8-2-build-macosx-x86_64/jdk8u91/6644/hotspot/src/share/vm/prims/jni.cpp, line 709]
Event: 253269.721 Thread 0x00007fda7e4bf000 Exception <a 'java/net/ConnectException'> (0x00000007b6a06820) thrown at [/Users/java_re/workspace/8-2-build-macosx-x86_64/jdk8u91/6644/hotspot/src/share/vm/prims/jni.cpp, line 709]
Event: 253271.182 Thread 0x00007fda7d4bd000 Exception <a 'java/net/ConnectException'> (0x00000007b6a3fbf0) thrown at [/Users/java_re/workspace/8-2-build-macosx-x86_64/jdk8u91/6644/hotspot/src/share/vm/prims/jni.cpp, line 709]
Event: 253272.649 Thread 0x00007fda7e4b5800 Exception <a 'java/net/ConnectException'> (0x00000007b69f5be0) thrown at [/Users/java_re/workspace/8-2-build-macosx-x86_64/jdk8u91/6644/hotspot/src/share/vm/prims/jni.cpp, line 709]
Event: 253274.124 Thread 0x00007fda72d1b800 Exception <a 'java/net/ConnectException'> (0x00000007b69d8290) thrown at [/Users/java_re/workspace/8-2-build-macosx-x86_64/jdk8u91/6644/hotspot/src/share/vm/prims/jni.cpp, line 709]
Event: 253275.579 Thread 0x00007fda72c70000 Exception <a 'java/net/ConnectException'> (0x00000007b6ad1d08) thrown at [/Users/java_re/workspace/8-2-build-macosx-x86_64/jdk8u91/6644/hotspot/src/share/vm/prims/jni.cpp, line 709]
Event: 253277.004 Thread 0x00007fda7e1b4000 Exception <a 'java/net/ConnectException'> (0x00000007b683fec0) thrown at [/Users/java_re/workspace/8-2-build-macosx-x86_64/jdk8u91/6644/hotspot/src/share/vm/prims/jni.cpp, line 709]
Event: 253278.471 Thread 0x00007fda7d0a1000 Exception <a 'java/net/ConnectException'> (0x00000007b69b24b8) thrown at [/Users/java_re/workspace/8-2-build-macosx-x86_64/jdk8u91/6644/hotspot/src/share/vm/prims/jni.cpp, line 709]
Event: 253279.838 Thread 0x00007fda7d4bb800 Exception <a 'java/net/ConnectException'> (0x00000007b6b4e0c8) thrown at [/Users/java_re/workspace/8-2-build-macosx-x86_64/jdk8u91/6644/hotspot/src/share/vm/prims/jni.cpp, line 709]
Event: 253281.294 Thread 0x00007fda7e264800 Exception <a 'java/net/ConnectException'> (0x00000007b6b38928) thrown at [/Users/java_re/workspace/8-2-build-macosx-x86_64/jdk8u91/6644/hotspot/src/share/vm/prims/jni.cpp, line 709]

Events (10 events):
Event: 253319.547 Thread 0x00007fda74011800 flushing nmethod 0x0000000106f76850
Event: 253319.547 Thread 0x00007fda74011800 flushing nmethod 0x0000000106fae1d0
Event: 253319.547 Thread 0x00007fda74011800 flushing nmethod 0x0000000106ff17d0
Event: 253319.684 Thread 0x00007fda74009000 flushing nmethod 0x0000000107401b90
Event: 253319.704 Executing VM operation: ParallelGCFailedAllocation
Event: 253320.040 Executing VM operation: ParallelGCFailedAllocation done
Event: 253320.098 Thread 0x00007fda74011800 flushing nmethod 0x0000000107483e90
Event: 253320.098 Thread 0x00007fda74011800 flushing nmethod 0x00000001075ae450
Event: 253331.601 Executing VM operation: ParallelGCFailedAllocation
Event: 253332.265 Executing VM operation: ParallelGCFailedAllocation done


Dynamic libraries:
0x0000000009c73000 	/System/Library/Frameworks/Cocoa.framework/Versions/A/Cocoa
0x0000000009c73000 	/System/Library/Frameworks/Security.framework/Versions/A/Security
0x0000000009c73000 	/System/Library/Frameworks/ApplicationServices.framework/Versions/A/ApplicationServices
0x0000000009c73000 	/usr/lib/libz.1.dylib
0x0000000009c73000 	/usr/lib/libSystem.B.dylib
0x0000000009c73000 	/usr/lib/libobjc.A.dylib
0x0000000009c73000 	/System/Library/Frameworks/CoreFoundation.framework/Versions/A/CoreFoundation
0x0000000009c73000 	/System/Library/Frameworks/Foundation.framework/Versions/C/Foundation
0x0000000009c73000 	/System/Library/Frameworks/AppKit.framework/Versions/C/AppKit
0x0000000009c73000 	/System/Library/Frameworks/CoreData.framework/Versions/A/CoreData
0x0000000009c73000 	/System/Library/PrivateFrameworks/RemoteViewServices.framework/Versions/A/RemoteViewServices
0x0000000009c73000 	/System/Library/PrivateFrameworks/UIFoundation.framework/Versions/A/UIFoundation
0x0000000009c73000 	/usr/lib/libScreenReader.dylib
0x0000000009c73000 	/System/Library/Frameworks/Accelerate.framework/Versions/A/Accelerate
0x0000000009c73000 	/System/Library/Frameworks/IOSurface.framework/Versions/A/IOSurface
0x0000000009c73000 	/System/Library/Frameworks/AudioToolbox.framework/Versions/A/AudioToolbox
0x0000000009c73000 	/System/Library/Frameworks/AudioUnit.framework/Versions/A/AudioUnit
0x0000000009c73000 	/System/Library/PrivateFrameworks/DataDetectorsCore.framework/Versions/A/DataDetectorsCore
0x0000000009c73000 	/System/Library/PrivateFrameworks/DesktopServicesPriv.framework/Versions/A/DesktopServicesPriv
0x0000000009c73000 	/System/Library/Frameworks/Carbon.framework/Versions/A/Frameworks/HIToolbox.framework/Versions/A/HIToolbox
0x0000000009c73000 	/System/Library/Frameworks/QuartzCore.framework/Versions/A/QuartzCore
0x0000000009c73000 	/System/Library/Frameworks/Carbon.framework/Versions/A/Frameworks/SpeechRecognition.framework/Versions/A/SpeechRecognition
0x0000000009c73000 	/usr/lib/libauto.dylib
0x0000000009c73000 	/usr/lib/libicucore.A.dylib
0x0000000009c73000 	/usr/lib/libxml2.2.dylib
0x0000000009c73000 	/System/Library/PrivateFrameworks/CoreUI.framework/Versions/A/CoreUI
0x0000000009c73000 	/System/Library/Frameworks/CoreAudio.framework/Versions/A/CoreAudio
0x0000000009c73000 	/System/Library/Frameworks/DiskArbitration.framework/Versions/A/DiskArbitration
0x0000000009c73000 	/usr/lib/liblangid.dylib
0x0000000009c73000 	/System/Library/PrivateFrameworks/MultitouchSupport.framework/Versions/A/MultitouchSupport
0x0000000009c73000 	/System/Library/Frameworks/IOKit.framework/Versions/A/IOKit
0x0000000009c73000 	/usr/lib/libDiagnosticMessagesClient.dylib
0x0000000009c73000 	/System/Library/Frameworks/CoreServices.framework/Versions/A/CoreServices
0x0000000009c73000 	/System/Library/PrivateFrameworks/PerformanceAnalysis.framework/Versions/A/PerformanceAnalysis
0x0000000009c73000 	/System/Library/PrivateFrameworks/GenerationalStorage.framework/Versions/A/GenerationalStorage
0x0000000009c73000 	/System/Library/Frameworks/OpenGL.framework/Versions/A/OpenGL
0x0000000009c73000 	/System/Library/PrivateFrameworks/Sharing.framework/Versions/A/Sharing
0x0000000009c73000 	/System/Library/Frameworks/CoreGraphics.framework/Versions/A/CoreGraphics
0x0000000009c73000 	/System/Library/Frameworks/CoreImage.framework/Versions/A/CoreImage
0x0000000009c73000 	/System/Library/Frameworks/CoreText.framework/Versions/A/CoreText
0x0000000009c73000 	/System/Library/Frameworks/ImageIO.framework/Versions/A/ImageIO
0x0000000009c73000 	/System/Library/PrivateFrameworks/Backup.framework/Versions/A/Backup
0x0000000009c73000 	/usr/lib/libextension.dylib
0x0000000009c73000 	/usr/lib/libarchive.2.dylib
0x0000000009c73000 	/System/Library/Frameworks/CFNetwork.framework/Versions/A/CFNetwork
0x0000000009c73000 	/System/Library/Frameworks/SystemConfiguration.framework/Versions/A/SystemConfiguration
0x0000000009c73000 	/usr/lib/libCRFSuite.dylib
0x0000000009c73000 	/usr/lib/libc++.1.dylib
0x0000000009c73000 	/usr/lib/libc++abi.dylib
0x0000000009c73000 	/usr/lib/system/libcache.dylib
0x0000000009c73000 	/usr/lib/system/libcommonCrypto.dylib
0x0000000009c73000 	/usr/lib/system/libcompiler_rt.dylib
0x0000000009c73000 	/usr/lib/system/libcopyfile.dylib
0x0000000009c73000 	/usr/lib/system/libcorecrypto.dylib
0x0000000009c73000 	/usr/lib/system/libdispatch.dylib
0x0000000009c73000 	/usr/lib/system/libdyld.dylib
0x0000000009c73000 	/usr/lib/system/libkeymgr.dylib
0x0000000009c73000 	/usr/lib/system/liblaunch.dylib
0x0000000009c73000 	/usr/lib/system/libmacho.dylib
0x0000000009c73000 	/usr/lib/system/libquarantine.dylib
0x0000000009c73000 	/usr/lib/system/libremovefile.dylib
0x0000000009c73000 	/usr/lib/system/libsystem_asl.dylib
0x0000000009c73000 	/usr/lib/system/libsystem_blocks.dylib
0x0000000009c73000 	/usr/lib/system/libsystem_c.dylib
0x0000000009c73000 	/usr/lib/system/libsystem_configuration.dylib
0x0000000009c73000 	/usr/lib/system/libsystem_coreservices.dylib
0x0000000009c73000 	/usr/lib/system/libsystem_coretls.dylib
0x0000000009c73000 	/usr/lib/system/libsystem_dnssd.dylib
0x0000000009c73000 	/usr/lib/system/libsystem_info.dylib
0x0000000009c73000 	/usr/lib/system/libsystem_kernel.dylib
0x0000000009c73000 	/usr/lib/system/libsystem_m.dylib
0x0000000009c73000 	/usr/lib/system/libsystem_malloc.dylib
0x0000000009c73000 	/usr/lib/system/libsystem_network.dylib
0x0000000009c73000 	/usr/lib/system/libsystem_networkextension.dylib
0x0000000009c73000 	/usr/lib/system/libsystem_notify.dylib
0x0000000009c73000 	/usr/lib/system/libsystem_platform.dylib
0x0000000009c73000 	/usr/lib/system/libsystem_pthread.dylib
0x0000000009c73000 	/usr/lib/system/libsystem_sandbox.dylib
0x0000000009c73000 	/usr/lib/system/libsystem_secinit.dylib
0x0000000009c73000 	/usr/lib/system/libsystem_trace.dylib
0x0000000009c73000 	/usr/lib/system/libunc.dylib
0x0000000009c73000 	/usr/lib/system/libunwind.dylib
0x0000000009c73000 	/usr/lib/system/libxpc.dylib
0x0000000009c73000 	/usr/lib/libenergytrace.dylib
0x0000000009c73000 	/usr/lib/libbsm.0.dylib
0x0000000009c73000 	/usr/lib/system/libkxld.dylib
0x0000000009c73000 	/usr/lib/libxar.1.dylib
0x0000000009c73000 	/usr/lib/libsqlite3.dylib
0x0000000009c73000 	/usr/lib/libpam.2.dylib
0x0000000009c73000 	/usr/lib/libOpenScriptingUtil.dylib
0x0000000009c73000 	/usr/lib/libbz2.1.0.dylib
0x0000000009c73000 	/usr/lib/liblzma.5.dylib
0x0000000009c73000 	/System/Library/Frameworks/CoreServices.framework/Versions/A/Frameworks/FSEvents.framework/Versions/A/FSEvents
0x0000000009c73000 	/System/Library/Frameworks/CoreServices.framework/Versions/A/Frameworks/CarbonCore.framework/Versions/A/CarbonCore
0x0000000009c73000 	/System/Library/Frameworks/CoreServices.framework/Versions/A/Frameworks/Metadata.framework/Versions/A/Metadata
0x0000000009c73000 	/System/Library/Frameworks/CoreServices.framework/Versions/A/Frameworks/OSServices.framework/Versions/A/OSServices
0x0000000009c73000 	/System/Library/Frameworks/CoreServices.framework/Versions/A/Frameworks/SearchKit.framework/Versions/A/SearchKit
0x0000000009c73000 	/System/Library/Frameworks/CoreServices.framework/Versions/A/Frameworks/AE.framework/Versions/A/AE
0x0000000009c73000 	/System/Library/Frameworks/CoreServices.framework/Versions/A/Frameworks/LaunchServices.framework/Versions/A/LaunchServices
0x0000000009c73000 	/System/Library/Frameworks/CoreServices.framework/Versions/A/Frameworks/DictionaryServices.framework/Versions/A/DictionaryServices
0x0000000009c73000 	/System/Library/Frameworks/CoreServices.framework/Versions/A/Frameworks/SharedFileList.framework/Versions/A/SharedFileList
0x0000000009c73000 	/System/Library/Frameworks/NetFS.framework/Versions/A/NetFS
0x0000000009c73000 	/System/Library/PrivateFrameworks/NetAuth.framework/Versions/A/NetAuth
0x0000000009c73000 	/System/Library/PrivateFrameworks/login.framework/Versions/A/Frameworks/loginsupport.framework/Versions/A/loginsupport
0x0000000009c73000 	/System/Library/PrivateFrameworks/TCC.framework/Versions/A/TCC
0x0000000009c73000 	/usr/lib/libmecabra.dylib
0x0000000009c73000 	/System/Library/Frameworks/ApplicationServices.framework/Versions/A/Frameworks/ATS.framework/Versions/A/ATS
0x0000000009c73000 	/System/Library/Frameworks/ApplicationServices.framework/Versions/A/Frameworks/ColorSync.framework/Versions/A/ColorSync
0x0000000009c73000 	/System/Library/Frameworks/ApplicationServices.framework/Versions/A/Frameworks/HIServices.framework/Versions/A/HIServices
0x0000000009c73000 	/System/Library/Frameworks/ApplicationServices.framework/Versions/A/Frameworks/LangAnalysis.framework/Versions/A/LangAnalysis
0x0000000009c73000 	/System/Library/Frameworks/ApplicationServices.framework/Versions/A/Frameworks/PrintCore.framework/Versions/A/PrintCore
0x0000000009c73000 	/System/Library/Frameworks/ApplicationServices.framework/Versions/A/Frameworks/QD.framework/Versions/A/QD
0x0000000009c73000 	/System/Library/Frameworks/ApplicationServices.framework/Versions/A/Frameworks/SpeechSynthesis.framework/Versions/A/SpeechSynthesis
0x0000000009c73000 	/System/Library/Frameworks/Metal.framework/Versions/A/Metal
0x0000000009c73000 	/System/Library/Frameworks/Accelerate.framework/Versions/A/Frameworks/vImage.framework/Versions/A/vImage
0x0000000009c73000 	/System/Library/Frameworks/Accelerate.framework/Versions/A/Frameworks/vecLib.framework/Versions/A/vecLib
0x0000000009c73000 	/System/Library/Frameworks/Accelerate.framework/Versions/A/Frameworks/vecLib.framework/Versions/A/libvDSP.dylib
0x0000000009c73000 	/System/Library/Frameworks/Accelerate.framework/Versions/A/Frameworks/vecLib.framework/Versions/A/libvMisc.dylib
0x0000000009c73000 	/System/Library/Frameworks/Accelerate.framework/Versions/A/Frameworks/vecLib.framework/Versions/A/libLAPACK.dylib
0x0000000009c73000 	/System/Library/Frameworks/Accelerate.framework/Versions/A/Frameworks/vecLib.framework/Versions/A/libBLAS.dylib
0x0000000009c73000 	/System/Library/Frameworks/Accelerate.framework/Versions/A/Frameworks/vecLib.framework/Versions/A/libLinearAlgebra.dylib
0x0000000009c73000 	/System/Library/Frameworks/Accelerate.framework/Versions/A/Frameworks/vecLib.framework/Versions/A/libSparseBLAS.dylib
0x0000000009c73000 	/System/Library/PrivateFrameworks/GPUCompiler.framework/libmetal_timestamp.dylib
0x0000000009c73000 	/System/Library/Frameworks/OpenGL.framework/Versions/A/Libraries/libCoreFSCache.dylib
0x0000000009c73000 	/System/Library/PrivateFrameworks/IOAccelerator.framework/Versions/A/IOAccelerator
0x0000000009c73000 	/System/Library/Frameworks/ApplicationServices.framework/Versions/A/Frameworks/ATS.framework/Versions/A/Resources/libFontParser.dylib
0x0000000009c73000 	/System/Library/Frameworks/ApplicationServices.framework/Versions/A/Frameworks/ATS.framework/Versions/A/Resources/libFontRegistry.dylib
0x0000000009c73000 	/System/Library/PrivateFrameworks/AppleVPA.framework/Versions/A/AppleVPA
0x0000000009c73000 	/System/Library/PrivateFrameworks/AppleJPEG.framework/Versions/A/AppleJPEG
0x0000000009c73000 	/System/Library/Frameworks/ImageIO.framework/Versions/A/Resources/libJPEG.dylib
0x0000000009c73000 	/System/Library/Frameworks/ImageIO.framework/Versions/A/Resources/libTIFF.dylib
0x0000000009c73000 	/System/Library/Frameworks/ImageIO.framework/Versions/A/Resources/libPng.dylib
0x0000000009c73000 	/System/Library/Frameworks/ImageIO.framework/Versions/A/Resources/libGIF.dylib
0x0000000009c73000 	/System/Library/Frameworks/ImageIO.framework/Versions/A/Resources/libJP2.dylib
0x0000000009c73000 	/System/Library/Frameworks/ImageIO.framework/Versions/A/Resources/libRadiance.dylib
0x0000000009c73000 	/System/Library/Frameworks/CoreVideo.framework/Versions/A/CoreVideo
0x0000000009c73000 	/System/Library/Frameworks/OpenGL.framework/Versions/A/Libraries/libGLU.dylib
0x0000000009c73000 	/System/Library/Frameworks/OpenGL.framework/Versions/A/Libraries/libGFXShared.dylib
0x0000000009c73000 	/System/Library/Frameworks/OpenGL.framework/Versions/A/Libraries/libGL.dylib
0x0000000009c73000 	/System/Library/Frameworks/OpenGL.framework/Versions/A/Libraries/libGLImage.dylib
0x0000000009c73000 	/System/Library/Frameworks/OpenGL.framework/Versions/A/Libraries/libCVMSPluginSupport.dylib
0x0000000009c73000 	/System/Library/Frameworks/OpenGL.framework/Versions/A/Libraries/libCoreVMClient.dylib
0x0000000009c73000 	/usr/lib/libcompression.dylib
0x0000000009c73000 	/usr/lib/libcups.2.dylib
0x0000000009c73000 	/System/Library/Frameworks/Kerberos.framework/Versions/A/Kerberos
0x0000000009c73000 	/System/Library/Frameworks/GSS.framework/Versions/A/GSS
0x0000000009c73000 	/usr/lib/libresolv.9.dylib
0x0000000009c73000 	/usr/lib/libiconv.2.dylib
0x0000000009c73000 	/System/Library/PrivateFrameworks/Heimdal.framework/Versions/A/Heimdal
0x0000000009c73000 	/usr/lib/libheimdal-asn1.dylib
0x0000000009c73000 	/System/Library/Frameworks/OpenDirectory.framework/Versions/A/OpenDirectory
0x0000000009c73000 	/System/Library/PrivateFrameworks/CommonAuth.framework/Versions/A/CommonAuth
0x0000000009c73000 	/System/Library/Frameworks/OpenDirectory.framework/Versions/A/Frameworks/CFOpenDirectory.framework/Versions/A/CFOpenDirectory
0x0000000009c73000 	/System/Library/Frameworks/SecurityFoundation.framework/Versions/A/SecurityFoundation
0x0000000009c73000 	/System/Library/PrivateFrameworks/LanguageModeling.framework/Versions/A/LanguageModeling
0x0000000009c73000 	/usr/lib/libmarisa.dylib
0x0000000009c73000 	/usr/lib/libChineseTokenizer.dylib
0x0000000009c73000 	/usr/lib/libcmph.dylib
0x0000000009c73000 	/System/Library/Frameworks/ServiceManagement.framework/Versions/A/ServiceManagement
0x0000000009c73000 	/usr/lib/libxslt.1.dylib
0x0000000009c73000 	/System/Library/Frameworks/Carbon.framework/Versions/A/Frameworks/Ink.framework/Versions/A/Ink
0x0000000009c73000 	/usr/lib/libFosl_dynamic.dylib
0x0000000009c73000 	/System/Library/PrivateFrameworks/FaceCore.framework/Versions/A/FaceCore
0x0000000009c73000 	/System/Library/Frameworks/OpenCL.framework/Versions/A/OpenCL
0x0000000009c73000 	/System/Library/PrivateFrameworks/CrashReporterSupport.framework/Versions/A/CrashReporterSupport
0x0000000009c73000 	/System/Library/PrivateFrameworks/IconServices.framework/Versions/A/IconServices
0x0000000009c73000 	/System/Library/PrivateFrameworks/Apple80211.framework/Versions/A/Apple80211
0x0000000009c73000 	/System/Library/Frameworks/CoreWLAN.framework/Versions/A/CoreWLAN
0x0000000009c73000 	/System/Library/Frameworks/IOBluetooth.framework/Versions/A/IOBluetooth
0x0000000009c73000 	/System/Library/PrivateFrameworks/CoreWiFi.framework/Versions/A/CoreWiFi
0x0000000009c73000 	/System/Library/Frameworks/CoreBluetooth.framework/Versions/A/CoreBluetooth
0x0000000009c73000 	/System/Library/PrivateFrameworks/ChunkingLibrary.framework/Versions/A/ChunkingLibrary
0x0000000009c73000 	/System/Library/PrivateFrameworks/DebugSymbols.framework/Versions/A/DebugSymbols
0x0000000009c73000 	/System/Library/PrivateFrameworks/CoreSymbolication.framework/Versions/A/CoreSymbolication
0x0000000009c73000 	/System/Library/PrivateFrameworks/Symbolication.framework/Versions/A/Symbolication
0x0000000009c73000 	/System/Library/PrivateFrameworks/SpeechRecognitionCore.framework/Versions/A/SpeechRecognitionCore
0x0000000105e00000 	/Library/Java/JavaVirtualMachines/jdk1.8.0_91.jdk/Contents/Home/jre/lib/server/libjvm.dylib
0x0000000009c73000 	/usr/lib/libstdc++.6.dylib
0x00000001044af000 	/Library/Java/JavaVirtualMachines/jdk1.8.0_91.jdk/Contents/Home/jre/lib/libverify.dylib
0x00000001044bd000 	/Library/Java/JavaVirtualMachines/jdk1.8.0_91.jdk/Contents/Home/jre/lib/libjava.dylib
0x00000001044fc000 	/Library/Java/JavaVirtualMachines/jdk1.8.0_91.jdk/Contents/Home/jre/lib/libzip.dylib
0x0000000122396000 	/System/Library/Frameworks/JavaVM.framework/Frameworks/JavaRuntimeSupport.framework/JavaRuntimeSupport
0x00000001223b1000 	/System/Library/Frameworks/JavaVM.framework/Versions/A/Frameworks/JavaNativeFoundation.framework/Versions/A/JavaNativeFoundation
0x00000001223c6000 	/System/Library/Frameworks/JavaVM.framework/Versions/A/JavaVM
0x0000000009c73000 	/System/Library/Frameworks/Carbon.framework/Versions/A/Carbon
0x00000001223d3000 	/System/Library/PrivateFrameworks/JavaLaunching.framework/Versions/A/JavaLaunching
0x0000000009c73000 	/System/Library/Frameworks/Carbon.framework/Versions/A/Frameworks/CommonPanels.framework/Versions/A/CommonPanels
0x0000000009c73000 	/System/Library/Frameworks/Carbon.framework/Versions/A/Frameworks/Help.framework/Versions/A/Help
0x0000000009c73000 	/System/Library/Frameworks/Carbon.framework/Versions/A/Frameworks/ImageCapture.framework/Versions/A/ImageCapture
0x0000000009c73000 	/System/Library/Frameworks/Carbon.framework/Versions/A/Frameworks/OpenScripting.framework/Versions/A/OpenScripting
0x0000000009c73000 	/System/Library/Frameworks/Carbon.framework/Versions/A/Frameworks/Print.framework/Versions/A/Print
0x0000000009c73000 	/System/Library/Frameworks/Carbon.framework/Versions/A/Frameworks/SecurityHI.framework/Versions/A/SecurityHI
0x0000000124207000 	/Library/Java/JavaVirtualMachines/jdk1.8.0_91.jdk/Contents/Home/jre/lib/libawt.dylib
0x00000001242af000 	/Library/Java/JavaVirtualMachines/jdk1.8.0_91.jdk/Contents/Home/jre/lib/./libmlib_image.dylib
0x000000012437b000 	/Library/Java/JavaVirtualMachines/jdk1.8.0_91.jdk/Contents/Home/jre/lib/libawt_lwawt.dylib
0x0000000124430000 	/Library/Java/JavaVirtualMachines/jdk1.8.0_91.jdk/Contents/Home/jre/lib/./libosxapp.dylib
0x0000000009c73000 	/System/Library/Frameworks/ExceptionHandling.framework/Versions/A/ExceptionHandling
0x0000000009c73000 	/System/Library/PrivateFrameworks/CoreServicesInternal.framework/Versions/A/CoreServicesInternal
0x0000000009c73000 	/System/Library/Frameworks/CoreGraphics.framework/Versions/A/Resources/libRIP.A.dylib
0x0000000009c73000 	/System/Library/Frameworks/Accelerate.framework/Versions/A/Frameworks/vImage.framework/Versions/A/Libraries/libCGInterfaces.dylib
0x0000000009c73000 	/System/Library/Frameworks/CoreGraphics.framework/Versions/A/Resources/libCGXType.A.dylib
0x0000000009c73000 	/System/Library/Frameworks/OpenCL.framework/Versions/A/Libraries/libcldcpuengine.dylib
0x0000000009c73000 	/System/Library/PrivateFrameworks/DiskImages.framework/Versions/A/DiskImages
0x0000000009c73000 	/System/Library/Frameworks/DiscRecording.framework/Versions/A/DiscRecording
0x0000000009c73000 	/usr/lib/libcsfde.dylib
0x0000000009c73000 	/usr/lib/libcurl.4.dylib
0x0000000009c73000 	/System/Library/PrivateFrameworks/MediaKit.framework/Versions/A/MediaKit
0x0000000009c73000 	/System/Library/PrivateFrameworks/ProtectedCloudStorage.framework/Versions/A/ProtectedCloudStorage
0x0000000009c73000 	/usr/lib/libCoreStorage.dylib
0x0000000009c73000 	/System/Library/PrivateFrameworks/EFILogin.framework/Versions/A/EFILogin
0x0000000009c73000 	/usr/lib/libutil.dylib
0x0000000009c73000 	/System/Library/PrivateFrameworks/FindMyDevice.framework/Versions/A/FindMyDevice
0x0000000009c73000 	/System/Library/Frameworks/LDAP.framework/Versions/A/LDAP
0x0000000009c73000 	/usr/lib/libsasl2.2.dylib
0x0000000009c73000 	/System/Library/PrivateFrameworks/CoreDaemon.framework/Versions/B/CoreDaemon
0x0000000009c73000 	/usr/lib/libcrypto.0.9.8.dylib
0x0000000009c73000 	/System/Library/PrivateFrameworks/AppleSRP.framework/Versions/A/AppleSRP
0x0000000009c73000 	/System/Library/PrivateFrameworks/TrustEvaluationAgent.framework/Versions/A/TrustEvaluationAgent
0x0000000124f88000 	cl_kernels
0x0000000009c73000 	/System/Library/Frameworks/OpenCL.framework/Versions/A/Libraries/ImageFormats/unorm8_bgra.dylib
0x0000000009c73000 	/System/Library/Frameworks/OpenCL.framework/Versions/A/Libraries/ImageFormats/unorm8_rgba.dylib
0x0000000009c73000 	/System/Library/PrivateFrameworks/FamilyControls.framework/Versions/A/FamilyControls
0x0000000009c73000 	/System/Library/PrivateFrameworks/CommerceKit.framework/Versions/A/Frameworks/CommerceCore.framework/Versions/A/CommerceCore
0x0000000009c73000 	/System/Library/PrivateFrameworks/SystemAdministration.framework/Versions/A/SystemAdministration
0x0000000009c73000 	/System/Library/PrivateFrameworks/AppContainer.framework/Versions/A/AppContainer
0x0000000009c73000 	/System/Library/PrivateFrameworks/SecCodeWrapper.framework/Versions/A/SecCodeWrapper
0x0000000009c73000 	/System/Library/Frameworks/DirectoryService.framework/Versions/A/DirectoryService
0x0000000009c73000 	/System/Library/PrivateFrameworks/LoginUIKit.framework/Versions/A/Frameworks/LoginUICore.framework/Versions/A/LoginUICore
0x0000000009c73000 	/usr/lib/libodfde.dylib
0x0000000126cc9000 	/Library/Java/JavaVirtualMachines/jdk1.8.0_91.jdk/Contents/Home/jre/lib/libfontmanager.dylib
0x0000000009c73000 	/System/Library/Frameworks/OpenGL.framework/Versions/A/Resources/GLEngine.bundle/GLEngine
0x0000000009c73000 	/System/Library/Frameworks/OpenGL.framework/Versions/A/Libraries/libGLProgrammability.dylib
0x0000000126d30000 	/System/Library/Extensions/AMDRadeonX4000GLDriver.bundle/Contents/MacOS/AMDRadeonX4000GLDriver
0x0000000009c73000 	/System/Library/PrivateFrameworks/GPUSupport.framework/Versions/A/Libraries/libGPUSupportMercury.dylib
0x0000000126dfc000 	/System/Library/Extensions/AMDRadeonX4000GLDriver.bundle/Contents/MacOS/ATIRadeonX4000SCLib.dylib
0x0000000009c73000 	/System/Library/Frameworks/OpenGL.framework/Versions/A/Resources/GLRendererFloat.bundle/GLRendererFloat
0x0000000127568000 	/Library/Java/JavaVirtualMachines/jdk1.8.0_91.jdk/Contents/Home/jre/lib/libosxui.dylib
0x000000012a944000 	/System/Library/Extensions/AMDMTLBronzeDriver.bundle/Contents/MacOS/AMDMTLBronzeDriver
0x0000000009c73000 	/System/Library/PrivateFrameworks/IOAccelMemoryInfo.framework/Versions/A/IOAccelMemoryInfo
0x000000012afb4000 	/Library/Java/JavaVirtualMachines/jdk1.8.0_91.jdk/Contents/Home/jre/lib/libnet.dylib
0x000000012a3cd000 	/Library/Java/JavaVirtualMachines/jdk1.8.0_91.jdk/Contents/Home/jre/lib/libnio.dylib
0x0000000009c73000 	/System/Library/Frameworks/ApplicationServices.framework/Versions/A/Frameworks/ATS.framework/Versions/A/Resources/libTrueTypeScaler.dylib
0x000000012a138000 	/Library/Java/JavaVirtualMachines/jdk1.8.0_91.jdk/Contents/Home/jre/lib/libmanagement.dylib
0x000000012b1ef000 	/Library/Java/JavaVirtualMachines/jdk1.8.0_91.jdk/Contents/Home/jre/lib/libjpeg.dylib
0x00000001240cf000 	/Library/Java/JavaVirtualMachines/jdk1.8.0_91.jdk/Contents/Home/jre/lib/libdcpr.dylib

VM Arguments:
jvm_args: -Dfile.encoding=UTF-8 
java_command: use.processing.targets.OlafTarget
java_class_path (initial): /Users/okw/bioneat/bin:/Users/okw/.gradle/caches/modules-2/files-2.1/org.apache.commons/commons-collections4/4.1/a4cf4688fe1c7e3a63aa636cc96d013af537768e/commons-collections4-4.1.jar:/Users/okw/.gradle/caches/modules-2/files-2.1/org.apache.commons/commons-math3/3.5/13af68e9a11576953f5c4b09436f8207be9d3a27/commons-math3-3.5.jar:/Users/okw/.gradle/caches/modules-2/files-2.1/net.sf.jung/jung-api/2.1/75f21a3efdf78e4233eebfe952874ca133f8e1ef/jung-api-2.1.jar:/Users/okw/.gradle/caches/modules-2/files-2.1/net.sf.jung/jung-algorithms/2.1/b4d7ac33940e9729c67c17cbb73039bcea84aa6f/jung-algorithms-2.1.jar:/Users/okw/.gradle/caches/modules-2/files-2.1/net.sf.jung/jung-visualization/2.1/cd58e2da0a2378c95d99835431ff8bfac2539624/jung-visualization-2.1.jar:/Users/okw/.gradle/caches/modules-2/files-2.1/net.sf.jung/jung-graph-impl/2.1/f4897cb802b806457929f4aca4c04b37400278b2/jung-graph-impl-2.1.jar:/Users/okw/.gradle/caches/modules-2/files-2.1/org.jfree/jfreechart/1.0.19/ba9ee7dbb2e4c57a6901c79f614ed2dea9cc0e20/jfreechart-1.0.19.jar:/Users/okw/.gradle/caches/modules-2/files-2.1/com.google.code.gson/gson/2.3/5fc52c41ef0239d1093a1eb7c3697036183677ce/gson-2.3.jar:/Users/okw/bioneat/libs:/Users/okw/bioneat/libs/DACCAD-1.6-rc3.jar:/Users/okw/.gradle/caches/modules-2/files-2.1/org.reflections/reflections/0.9.9/296d8adb2f22a38025f44b45cac89835ff0bbaf/reflections-0.9.9.jar:/Users/okw/.gradle/caches/modules-2/files-2.1/ch.qos.logback/logback-classic/1.1.3/d90276fff414f06cb375f2057f6778cd63c6082f/logback-classic-1.1.3.jar:/Users/okw/.gradle/caches/modules-2/files-2.1/org.apache.commons/commons-lang3/3.4/5fe28b9518e58819180a43a850fbc0dd24b7c050/commons-lang3-3.4.jar:/Users/okw/bioneat/libs/core.jar:/Users/okw/bioneat/libs/reflection-ui-1.1.jar:/Users/okw/.gradle/caches/modules-2/files-2.1/com.fasterxml/classmate/1.2.0/3df977abee5df39041e60c763840cd948581971/classmate-1.2.0.jar:/Users/okw/.gradle/caches/modules-2/files-2.1/com.jhlabs/filters/2.0.235-1/fff65ebe39d1097c
Launcher Type: SUN_STANDARD

Environment Variables:
PATH=/usr/bin:/bin:/usr/sbin:/sbin
SHELL=/bin/bash

Signal Handlers:
SIGSEGV: [libjvm.dylib+0x5a97a1], sa_mask[0]=11111111011111110111111111111111, sa_flags=SA_ONSTACK|SA_RESTART|SA_SIGINFO
SIGBUS: [libjvm.dylib+0x5a97a1], sa_mask[0]=11111111011111110111111111111111, sa_flags=SA_RESTART|SA_SIGINFO
SIGFPE: [libjvm.dylib+0x482594], sa_mask[0]=11111111011111110111111111111111, sa_flags=SA_RESTART|SA_SIGINFO
SIGPIPE: [libjvm.dylib+0x482594], sa_mask[0]=11111111011111110111111111111111, sa_flags=SA_RESTART|SA_SIGINFO
SIGXFSZ: [libjvm.dylib+0x482594], sa_mask[0]=11111111011111110111111111111111, sa_flags=SA_RESTART|SA_SIGINFO
SIGILL: [libjvm.dylib+0x482594], sa_mask[0]=11111111011111110111111111111111, sa_flags=SA_RESTART|SA_SIGINFO
SIGUSR1: SIG_DFL, sa_mask[0]=00000000000000000000000000000000, sa_flags=none
SIGUSR2: [libjvm.dylib+0x4820b2], sa_mask[0]=00100000000000000000000000000000, sa_flags=SA_RESTART|SA_SIGINFO
SIGHUP: [libjvm.dylib+0x480689], sa_mask[0]=11111111011111110111111111111111, sa_flags=SA_RESTART|SA_SIGINFO
SIGINT: [libjvm.dylib+0x480689], sa_mask[0]=11111111011111110111111111111111, sa_flags=SA_RESTART|SA_SIGINFO
SIGTERM: [libjvm.dylib+0x480689], sa_mask[0]=11111111011111110111111111111111, sa_flags=SA_RESTART|SA_SIGINFO
SIGQUIT: [libjvm.dylib+0x480689], sa_mask[0]=11111111011111110111111111111111, sa_flags=SA_RESTART|SA_SIGINFO


---------------  S Y S T E M  ---------------

OS:Bsduname:Darwin 15.5.0 Darwin Kernel Version 15.5.0: Tue Apr 19 18:36:36 PDT 2016; root:xnu-3248.50.21~8/RELEASE_X86_64 x86_64
rlimit: STACK 8192k, CORE 0k, NPROC 709, NOFILE 10240, AS infinity
load average:2.21 1.99 1.96

CPU:total 12 (6 cores per cpu, 2 threads per core) family 6 model 62 stepping 4, cmov, cx8, fxsr, mmx, sse, sse2, sse3, ssse3, sse4.1, sse4.2, popcnt, avx, aes, clmul, erms, ht, tsc, tscinvbit

Memory: 4k page, physical 16777216k(20020k free)

/proc/meminfo:


vm_info: Java HotSpot(TM) 64-Bit Server VM (25.91-b14) for bsd-amd64 JRE (1.8.0_91-b14), built on Apr  1 2016 01:03:00 by "java_re" with gcc 4.2.1 (Based on Apple Inc. build 5658) (LLVM build 2336.11.00)

time: Sun Jan 29 02:28:48 2017
elapsed time: 253332 seconds (2d 22h 22m 12s)

